[  0%] Built target std_msgs_generate_messages_lisp
[  0%] Built target _traffic_light_detector_pkg_generate_messages_check_deps_TrafficLightState
[  0%] Built target std_msgs_generate_messages_nodejs
[  0%] Built target std_msgs_generate_messages_eus
[  0%] Built target std_msgs_generate_messages_py
[  0%] Built target std_msgs_generate_messages_cpp
[  0%] Built target geometry_msgs_generate_messages_eus
[  0%] Built target rosgraph_msgs_generate_messages_eus
[  0%] Built target rosgraph_msgs_generate_messages_cpp
[  0%] Built target roscpp_generate_messages_nodejs
[  0%] Built target geometry_msgs_generate_messages_lisp
[  0%] Built target geometry_msgs_generate_messages_py
[  0%] Built target sensor_msgs_generate_messages_py
[  0%] Built target geometry_msgs_generate_messages_cpp
[  0%] Built target geometry_msgs_generate_messages_nodejs
[  0%] Built target roscpp_generate_messages_eus
[  0%] Built target sensor_msgs_generate_messages_lisp
[  0%] Built target roscpp_generate_messages_py
[  0%] Built target sensor_msgs_generate_messages_nodejs
[  0%] Built target roscpp_generate_messages_cpp
[  0%] Built target sensor_msgs_generate_messages_eus
[  0%] Built target rosgraph_msgs_generate_messages_py
[  0%] Built target rosgraph_msgs_generate_messages_lisp
[  0%] Built target roscpp_generate_messages_lisp
[  0%] Built target rosgraph_msgs_generate_messages_nodejs
[  0%] Built target sensor_msgs_generate_messages_cpp
[ 11%] Built target traffic_light_detector_pkg_generate_messages_lisp
[ 22%] Built target traffic_light_detector_pkg_generate_messages_nodejs
[ 44%] Built target traffic_light_detector_pkg_generate_messages_eus
[ 66%] Built target traffic_light_detector_pkg_generate_messages_py
[ 77%] Built target traffic_light_detector_pkg_generate_messages_cpp
[35m[1mScanning dependencies of target traffic_light_detector_node[0m
[ 77%] Built target traffic_light_detector_pkg_generate_messages
[ 88%] [32mBuilding CXX object CMakeFiles/traffic_light_detector_node.dir/src/traffic_light_detector_node.cpp.o[0m
[100%] [32m[1mLinking CXX executable /home/jonas/i2ROS/project/ziou/AutonomousDriving/devel/.private/traffic_light_detector_pkg/lib/traffic_light_detector_pkg/traffic_light_detector_node[0m
[100%] Built target traffic_light_detector_node
