Symlinking /home/joshua/project/project_i2ros/catkin_ws/devel/include/libsocket/unixdgram.hpp
Symlinking /home/joshua/project/project_i2ros/catkin_ws/devel/include/libsocket/socket.hpp
Symlinking /home/joshua/project/project_i2ros/catkin_ws/devel/include/libsocket/inetclientstream.hpp
Symlinking /home/joshua/project/project_i2ros/catkin_ws/devel/include/libsocket/libinetsocket.h
Symlinking /home/joshua/project/project_i2ros/catkin_ws/devel/include/libsocket/unixserverdgram.hpp
Symlinking /home/joshua/project/project_i2ros/catkin_ws/devel/include/libsocket/epoll.hpp
Symlinking /home/joshua/project/project_i2ros/catkin_ws/devel/include/libsocket/inetdgram.hpp
Symlinking /home/joshua/project/project_i2ros/catkin_ws/devel/include/libsocket/unixbase.hpp
Symlinking /home/joshua/project/project_i2ros/catkin_ws/devel/include/libsocket/inetserverstream.hpp
Symlinking /home/joshua/project/project_i2ros/catkin_ws/devel/include/libsocket/select.hpp
Symlinking /home/joshua/project/project_i2ros/catkin_ws/devel/include/libsocket/dgramclient.hpp
Symlinking /home/joshua/project/project_i2ros/catkin_ws/devel/include/libsocket/exception.hpp
Symlinking /home/joshua/project/project_i2ros/catkin_ws/devel/include/libsocket/libunixsocket.h
Symlinking /home/joshua/project/project_i2ros/catkin_ws/devel/include/libsocket/inetclientdgram.hpp
Symlinking /home/joshua/project/project_i2ros/catkin_ws/devel/include/libsocket/framing.hpp
Symlinking /home/joshua/project/project_i2ros/catkin_ws/devel/include/libsocket/dgramoverstream.hpp
Symlinking /home/joshua/project/project_i2ros/catkin_ws/devel/include/libsocket/unixclientstream.hpp
Symlinking /home/joshua/project/project_i2ros/catkin_ws/devel/include/libsocket/inetbase.hpp
Symlinking /home/joshua/project/project_i2ros/catkin_ws/devel/include/libsocket/unixclientdgram.hpp
Symlinking /home/joshua/project/project_i2ros/catkin_ws/devel/include/libsocket/unixserverstream.hpp
Symlinking /home/joshua/project/project_i2ros/catkin_ws/devel/include/libsocket/inetserverdgram.hpp
Symlinking /home/joshua/project/project_i2ros/catkin_ws/devel/include/libsocket/streamclient.hpp
Symlinking /home/joshua/project/project_i2ros/catkin_ws/devel/share/simulation/cmake/simulationConfig-version.cmake
Symlinking /home/joshua/project/project_i2ros/catkin_ws/devel/share/simulation/cmake/simulationConfig.cmake
Symlinking /home/joshua/project/project_i2ros/catkin_ws/devel/lib/libtcpstreamreader.so
Symlinking /home/joshua/project/project_i2ros/catkin_ws/devel/lib/libsocket.so
Symlinking /home/joshua/project/project_i2ros/catkin_ws/devel/lib/libtcpimage.so
Symlinking /home/joshua/project/project_i2ros/catkin_ws/devel/lib/libsocket++.so
Symlinking /home/joshua/project/project_i2ros/catkin_ws/devel/lib/pkgconfig/simulation.pc
Symlinking /home/joshua/project/project_i2ros/catkin_ws/devel/lib/simulation/w_to_unity
Symlinking /home/joshua/project/project_i2ros/catkin_ws/devel/lib/simulation/unity_ros
Symlinking /home/joshua/project/project_i2ros/catkin_ws/devel/lib/simulation/state_estimate_corruptor_node
