[  0%] Built target std_msgs_generate_messages_lisp
[  0%] Built target std_msgs_generate_messages_nodejs
[  0%] Built target std_msgs_generate_messages_py
[  0%] Built target std_msgs_generate_messages_eus
[  0%] Built target std_msgs_generate_messages_cpp
[  0%] Built target rosgraph_msgs_generate_messages_cpp
[  0%] Built target rosgraph_msgs_generate_messages_eus
[  0%] Built target geometry_msgs_generate_messages_eus
[  0%] Built target _traffic_light_detector_pkg_generate_messages_check_deps_TrafficLightState
[  0%] Built target geometry_msgs_generate_messages_py
[  0%] Built target geometry_msgs_generate_messages_lisp
[  0%] Built target roscpp_generate_messages_nodejs
[  0%] Built target sensor_msgs_generate_messages_py
[  0%] Built target geometry_msgs_generate_messages_cpp
[  0%] Built target roscpp_generate_messages_eus
[  0%] Built target geometry_msgs_generate_messages_nodejs
[  0%] Built target sensor_msgs_generate_messages_nodejs
[  0%] Built target sensor_msgs_generate_messages_lisp
[  0%] Built target rosgraph_msgs_generate_messages_py
[  0%] Built target roscpp_generate_messages_cpp
[  0%] Built target roscpp_generate_messages_py
[  0%] Built target rosgraph_msgs_generate_messages_lisp
[  0%] Built target sensor_msgs_generate_messages_eus
[  0%] Built target roscpp_generate_messages_lisp
[  0%] Built target rosgraph_msgs_generate_messages_nodejs
[  0%] Built target sensor_msgs_generate_messages_cpp
[ 11%] Built target traffic_light_detector_pkg_generate_messages_lisp
[ 22%] Built target traffic_light_detector_pkg_generate_messages_nodejs
[ 44%] Built target traffic_light_detector_pkg_generate_messages_eus
[ 66%] Built target traffic_light_detector_pkg_generate_messages_py
[ 77%] Built target traffic_light_detector_pkg_generate_messages_cpp
[35m[1mScanning dependencies of target traffic_light_detector_node[0m
[ 77%] Built target traffic_light_detector_pkg_generate_messages
[ 88%] [32mBuilding CXX object CMakeFiles/traffic_light_detector_node.dir/src/traffic_light_detector_node.cpp.o[0m
[01m[K/home/yi/project_i2ros/src/traffic_light_detector_pkg/src/traffic_light_detector_node.cpp:127:1:[m[K [01;31m[Kerror: [m[Kexpected ‘[01m[K}[m[K’ at end of input
  127 | [01;31m[K}[m[K
      | [01;31m[K^[m[K
[01m[K/home/yi/project_i2ros/src/traffic_light_detector_pkg/src/traffic_light_detector_node.cpp:7:28:[m[K [01;36m[Knote: [m[Kto match this ‘[01m[K{[m[K’
    7 | class TrafficLightDetector [01;36m[K{[m[K
      |                            [01;36m[K^[m[K
[01m[K/home/yi/project_i2ros/src/traffic_light_detector_pkg/src/traffic_light_detector_node.cpp:127:1:[m[K [01;31m[Kerror: [m[Kexpected unqualified-id at end of input
  127 | [01;31m[K}[m[K
      | [01;31m[K^[m[K
make[2]: *** [CMakeFiles/traffic_light_detector_node.dir/build.make:63: CMakeFiles/traffic_light_detector_node.dir/src/traffic_light_detector_node.cpp.o] Error 1
make[1]: *** [CMakeFiles/Makefile2:565: CMakeFiles/traffic_light_detector_node.dir/all] Error 2
make: *** [Makefile:141: all] Error 2
