[35m[1mScanning dependencies of target std_msgs_generate_messages_lisp[0m
[  0%] Built target std_msgs_generate_messages_lisp
[35m[1mScanning dependencies of target std_msgs_generate_messages_nodejs[0m
[35m[1mScanning dependencies of target std_msgs_generate_messages_eus[0m
[35m[1mScanning dependencies of target std_msgs_generate_messages_py[0m
[35m[1mScanning dependencies of target _traffic_light_detector_pkg_generate_messages_check_deps_TrafficLightState[0m
[  0%] Built target std_msgs_generate_messages_py
[  0%] Built target std_msgs_generate_messages_nodejs
[  0%] Built target std_msgs_generate_messages_eus
[35m[1mScanning dependencies of target std_msgs_generate_messages_cpp[0m
[35m[1mScanning dependencies of target geometry_msgs_generate_messages_eus[0m
[  0%] Built target geometry_msgs_generate_messages_eus
[  0%] Built target _traffic_light_detector_pkg_generate_messages_check_deps_TrafficLightState
[  0%] Built target std_msgs_generate_messages_cpp
[35m[1mScanning dependencies of target rosgraph_msgs_generate_messages_eus[0m
[35m[1mScanning dependencies of target roscpp_generate_messages_nodejs[0m
[35m[1mScanning dependencies of target rosgraph_msgs_generate_messages_cpp[0m
[  0%] Built target rosgraph_msgs_generate_messages_eus
[  0%] Built target roscpp_generate_messages_nodejs
[35m[1mScanning dependencies of target geometry_msgs_generate_messages_lisp[0m
[35m[1mScanning dependencies of target geometry_msgs_generate_messages_py[0m
[  0%] Built target rosgraph_msgs_generate_messages_cpp
[  0%] Built target geometry_msgs_generate_messages_py
[  0%] Built target geometry_msgs_generate_messages_lisp
[35m[1mScanning dependencies of target geometry_msgs_generate_messages_cpp[0m
[35m[1mScanning dependencies of target sensor_msgs_generate_messages_py[0m
[  0%] Built target geometry_msgs_generate_messages_cpp
[  0%] Built target sensor_msgs_generate_messages_py
[35m[1mScanning dependencies of target geometry_msgs_generate_messages_nodejs[0m
[  0%] Built target geometry_msgs_generate_messages_nodejs
[35m[1mScanning dependencies of target roscpp_generate_messages_eus[0m
[35m[1mScanning dependencies of target sensor_msgs_generate_messages_lisp[0m
[  0%] Built target roscpp_generate_messages_eus
[35m[1mScanning dependencies of target sensor_msgs_generate_messages_nodejs[0m
[  0%] Built target sensor_msgs_generate_messages_lisp
[  0%] Built target sensor_msgs_generate_messages_nodejs
[35m[1mScanning dependencies of target roscpp_generate_messages_py[0m
[35m[1mScanning dependencies of target roscpp_generate_messages_cpp[0m
[  0%] Built target roscpp_generate_messages_cpp
[  0%] Built target roscpp_generate_messages_py
[35m[1mScanning dependencies of target rosgraph_msgs_generate_messages_py[0m
[35m[1mScanning dependencies of target sensor_msgs_generate_messages_eus[0m
[  0%] Built target sensor_msgs_generate_messages_eus
[  0%] Built target rosgraph_msgs_generate_messages_py
[35m[1mScanning dependencies of target rosgraph_msgs_generate_messages_lisp[0m
[35m[1mScanning dependencies of target roscpp_generate_messages_lisp[0m
[35m[1mScanning dependencies of target rosgraph_msgs_generate_messages_nodejs[0m
[  0%] Built target rosgraph_msgs_generate_messages_lisp
[  0%] Built target roscpp_generate_messages_lisp
[  0%] Built target rosgraph_msgs_generate_messages_nodejs
[35m[1mScanning dependencies of target sensor_msgs_generate_messages_cpp[0m
[35m[1mScanning dependencies of target traffic_light_detector_pkg_generate_messages_lisp[0m
[  0%] Built target sensor_msgs_generate_messages_cpp
[ 11%] [34m[1mGenerating Lisp code from traffic_light_detector_pkg/TrafficLightState.msg[0m
[35m[1mScanning dependencies of target traffic_light_detector_pkg_generate_messages_nodejs[0m
[35m[1mScanning dependencies of target traffic_light_detector_pkg_generate_messages_eus[0m
[ 22%] [34m[1mGenerating Javascript code from traffic_light_detector_pkg/TrafficLightState.msg[0m
[ 33%] [34m[1mGenerating EusLisp manifest code for traffic_light_detector_pkg[0m
[ 44%] [34m[1mGenerating EusLisp code from traffic_light_detector_pkg/TrafficLightState.msg[0m
[ 44%] Built target traffic_light_detector_pkg_generate_messages_lisp
[ 44%] Built target traffic_light_detector_pkg_generate_messages_nodejs
[35m[1mScanning dependencies of target traffic_light_detector_pkg_generate_messages_cpp[0m
[35m[1mScanning dependencies of target traffic_light_detector_pkg_generate_messages_py[0m
[ 55%] [34m[1mGenerating Python from MSG traffic_light_detector_pkg/TrafficLightState[0m
[ 66%] [34m[1mGenerating C++ code from traffic_light_detector_pkg/TrafficLightState.msg[0m
[ 66%] Built target traffic_light_detector_pkg_generate_messages_cpp
[ 77%] [34m[1mGenerating Python msg __init__.py for traffic_light_detector_pkg[0m
[ 77%] Built target traffic_light_detector_pkg_generate_messages_eus
[ 77%] Built target traffic_light_detector_pkg_generate_messages_py
[35m[1mScanning dependencies of target traffic_light_detector_pkg_generate_messages[0m
[ 77%] Built target traffic_light_detector_pkg_generate_messages
[35m[1mScanning dependencies of target traffic_light_detector_node[0m
[ 88%] [32mBuilding CXX object CMakeFiles/traffic_light_detector_node.dir/src/traffic_light_detector_node.cpp.o[0m
[100%] [32m[1mLinking CXX executable /home/yi/project_i2ros/devel/.private/traffic_light_detector_pkg/lib/traffic_light_detector_pkg/traffic_light_detector_node[0m
[100%] Built target traffic_light_detector_node
