[35m[1mScanning dependencies of target std_msgs_generate_messages_eus[0m
[35m[1mScanning dependencies of target _traffic_light_detector_pkg_generate_messages_check_deps_TrafficLightState[0m
[35m[1mScanning dependencies of target std_msgs_generate_messages_nodejs[0m
[35m[1mScanning dependencies of target std_msgs_generate_messages_lisp[0m
[35m[1mScanning dependencies of target std_msgs_generate_messages_cpp[0m
[35m[1mScanning dependencies of target geometry_msgs_generate_messages_eus[0m
[35m[1mScanning dependencies of target std_msgs_generate_messages_py[0m
[35m[1mScanning dependencies of target rosgraph_msgs_generate_messages_eus[0m
[35m[1mScanning dependencies of target rosgraph_msgs_generate_messages_cpp[0m
[35m[1mScanning dependencies of target geometry_msgs_generate_messages_lisp[0m
[  0%] Built target std_msgs_generate_messages_nodejs
[35m[1mScanning dependencies of target sensor_msgs_generate_messages_py[0m
[  0%] Built target std_msgs_generate_messages_eus
[35m[1mScanning dependencies of target roscpp_generate_messages_nodejs[0m
[  0%] Built target std_msgs_generate_messages_lisp
[35m[1mScanning dependencies of target geometry_msgs_generate_messages_cpp[0m
[  0%] Built target rosgraph_msgs_generate_messages_eus
[  0%] Built target std_msgs_generate_messages_cpp
[  0%] Built target geometry_msgs_generate_messages_eus
[  0%] Built target geometry_msgs_generate_messages_cpp
[35m[1mScanning dependencies of target geometry_msgs_generate_messages_py[0m
[  0%] Built target sensor_msgs_generate_messages_py
[35m[1mScanning dependencies of target geometry_msgs_generate_messages_nodejs[0m
[35m[1mScanning dependencies of target roscpp_generate_messages_eus[0m
[  0%] Built target rosgraph_msgs_generate_messages_cpp
[35m[1mScanning dependencies of target sensor_msgs_generate_messages_nodejs[0m
[35m[1mScanning dependencies of target sensor_msgs_generate_messages_lisp[0m
[  0%] Built target roscpp_generate_messages_eus
[35m[1mScanning dependencies of target roscpp_generate_messages_cpp[0m
[  0%] Built target geometry_msgs_generate_messages_nodejs
[  0%] Built target geometry_msgs_generate_messages_py
[  0%] Built target std_msgs_generate_messages_py
[  0%] Built target geometry_msgs_generate_messages_lisp
[  0%] Built target sensor_msgs_generate_messages_lisp
[35m[1mScanning dependencies of target roscpp_generate_messages_py[0m
[35m[1mScanning dependencies of target sensor_msgs_generate_messages_eus[0m
[  0%] Built target roscpp_generate_messages_nodejs
[35m[1mScanning dependencies of target rosgraph_msgs_generate_messages_lisp[0m
[  0%] Built target roscpp_generate_messages_cpp
[35m[1mScanning dependencies of target roscpp_generate_messages_lisp[0m
[  0%] Built target sensor_msgs_generate_messages_nodejs
[35m[1mScanning dependencies of target rosgraph_msgs_generate_messages_nodejs[0m
[35m[1mScanning dependencies of target rosgraph_msgs_generate_messages_py[0m
[  0%] Built target sensor_msgs_generate_messages_eus
[  0%] Built target roscpp_generate_messages_py
[  0%] Built target _traffic_light_detector_pkg_generate_messages_check_deps_TrafficLightState
[  0%] Built target roscpp_generate_messages_lisp
[  0%] Built target rosgraph_msgs_generate_messages_lisp
[35m[1mScanning dependencies of target sensor_msgs_generate_messages_cpp[0m
[  0%] Built target rosgraph_msgs_generate_messages_py
[35m[1mScanning dependencies of target traffic_light_detector_pkg_generate_messages_eus[0m
[35m[1mScanning dependencies of target traffic_light_detector_pkg_generate_messages_lisp[0m
[  0%] Built target rosgraph_msgs_generate_messages_nodejs
[35m[1mScanning dependencies of target traffic_light_detector_pkg_generate_messages_nodejs[0m
[ 11%] [34m[1mGenerating EusLisp manifest code for traffic_light_detector_pkg[0m
[ 11%] Built target sensor_msgs_generate_messages_cpp
[35m[1mScanning dependencies of target traffic_light_detector_pkg_generate_messages_cpp[0m
[35m[1mScanning dependencies of target traffic_light_detector_pkg_generate_messages_py[0m
[ 22%] [34m[1mGenerating Javascript code from traffic_light_detector_pkg/TrafficLightState.msg[0m
[ 33%] [34m[1mGenerating EusLisp code from traffic_light_detector_pkg/TrafficLightState.msg[0m
[ 44%] [34m[1mGenerating C++ code from traffic_light_detector_pkg/TrafficLightState.msg[0m
[ 55%] [34m[1mGenerating Python from MSG traffic_light_detector_pkg/TrafficLightState[0m
[ 66%] [34m[1mGenerating Lisp code from traffic_light_detector_pkg/TrafficLightState.msg[0m
[ 66%] Built target traffic_light_detector_pkg_generate_messages_lisp
[ 66%] Built target traffic_light_detector_pkg_generate_messages_nodejs
[ 77%] [34m[1mGenerating Python msg __init__.py for traffic_light_detector_pkg[0m
[ 77%] Built target traffic_light_detector_pkg_generate_messages_cpp
[ 77%] Built target traffic_light_detector_pkg_generate_messages_py
[ 77%] Built target traffic_light_detector_pkg_generate_messages_eus
[35m[1mScanning dependencies of target traffic_light_detector_pkg_generate_messages[0m
[35m[1mScanning dependencies of target traffic_light_detector_node[0m
[ 77%] Built target traffic_light_detector_pkg_generate_messages
[ 88%] [32mBuilding CXX object CMakeFiles/traffic_light_detector_node.dir/src/traffic_light_detector_node.cpp.o[0m
[01m[K/home/yi/project_i2ros/src/traffic_light_detector_pkg/src/traffic_light_detector_node.cpp:5:10:[m[K [01;31m[Kfatal error: [m[Ktraffic_light_detector/TrafficLightState.h: No such file or directory
    5 | #include [01;31m[K<traffic_light_detector/TrafficLightState.h>[m[K
      |          [01;31m[K^~~~~~~~~~~~~~~~~~~~~~~~~~~~~~~~~~~~~~~~~~~~[m[K
compilation terminated.
make[2]: *** [CMakeFiles/traffic_light_detector_node.dir/build.make:63: CMakeFiles/traffic_light_detector_node.dir/src/traffic_light_detector_node.cpp.o] Error 1
make[1]: *** [CMakeFiles/Makefile2:565: CMakeFiles/traffic_light_detector_node.dir/all] Error 2
make: *** [Makefile:141: all] Error 2
