Warning: Cannot symlink from /home/yi/project_i2ros/devel/.private/mav_planning_msgs/share/gennodejs/ros/mav_planning_msgs/srv/PolygonService.js to existing file /home/yi/project_i2ros/devel/share/gennodejs/ros/mav_planning_msgs/srv/PolygonService.js
Warning: Source hash: 1680a53bdb889109e9c875f68160c480
Warning: Dest hash: 690a91ad7b0e35b3f32c4081ee97ae7a
Warning: Cannot symlink from /home/yi/project_i2ros/devel/.private/mav_planning_msgs/share/gennodejs/ros/mav_planning_msgs/msg/Polygon2D.js to existing file /home/yi/project_i2ros/devel/share/gennodejs/ros/mav_planning_msgs/msg/Polygon2D.js
Warning: Source hash: ea04299f0cf8976014bf9711b66a3d90
Warning: Dest hash: b74f25bde27d16d8533f993e3039a2fe
Warning: Cannot symlink from /home/yi/project_i2ros/devel/.private/mav_planning_msgs/share/gennodejs/ros/mav_planning_msgs/msg/PolygonWithHoles.js to existing file /home/yi/project_i2ros/devel/share/gennodejs/ros/mav_planning_msgs/msg/PolygonWithHoles.js
Warning: Source hash: 0e3119134aa602738cf1cc3dcaea905c
Warning: Dest hash: eef196b9d1858712dee83a54a1f31388
Warning: Cannot symlink from /home/yi/project_i2ros/devel/.private/mav_planning_msgs/share/gennodejs/ros/mav_planning_msgs/msg/PolygonWithHolesStamped.js to existing file /home/yi/project_i2ros/devel/share/gennodejs/ros/mav_planning_msgs/msg/PolygonWithHolesStamped.js
Warning: Source hash: 47c7acf6a8152f96f4b36afb428c5ceb
Warning: Dest hash: ee3ce7e8827c0f7dc99c13d738231755
Warning: Cannot symlink from /home/yi/project_i2ros/devel/.private/mav_planning_msgs/share/common-lisp/ros/mav_planning_msgs/srv/PolygonService.lisp to existing file /home/yi/project_i2ros/devel/share/common-lisp/ros/mav_planning_msgs/srv/PolygonService.lisp
Warning: Source hash: 8edf943fee5a79304ca6b15f0bde2b59
Warning: Dest hash: e164850a512dcaa5b687d2a7ad38c76d
Warning: Cannot symlink from /home/yi/project_i2ros/devel/.private/mav_planning_msgs/share/common-lisp/ros/mav_planning_msgs/msg/PolygonWithHoles.lisp to existing file /home/yi/project_i2ros/devel/share/common-lisp/ros/mav_planning_msgs/msg/PolygonWithHoles.lisp
Warning: Source hash: 2235bbcf61b479683cd000d6126ddf26
Warning: Dest hash: 53ac68a2d36e47e4bc268b8fd45bf256
Warning: Cannot symlink from /home/yi/project_i2ros/devel/.private/mav_planning_msgs/share/common-lisp/ros/mav_planning_msgs/msg/Polygon2D.lisp to existing file /home/yi/project_i2ros/devel/share/common-lisp/ros/mav_planning_msgs/msg/Polygon2D.lisp
Warning: Source hash: 62adf80253278c1dbee4cacd7d764325
Warning: Dest hash: cfd679606e09cd9b18069923f9b266a2
Warning: Cannot symlink from /home/yi/project_i2ros/devel/.private/mav_planning_msgs/share/common-lisp/ros/mav_planning_msgs/msg/PolygonWithHolesStamped.lisp to existing file /home/yi/project_i2ros/devel/share/common-lisp/ros/mav_planning_msgs/msg/PolygonWithHolesStamped.lisp
Warning: Source hash: 9d3d2d198d8ef8ef733f938df9b9a761
Warning: Dest hash: c37f59a5afde5eb41823da83e7caa6e5
Warning: Cannot symlink from /home/yi/project_i2ros/devel/.private/mav_planning_msgs/share/mav_planning_msgs/cmake/mav_planning_msgs-msg-paths.cmake to existing file /home/yi/project_i2ros/devel/share/mav_planning_msgs/cmake/mav_planning_msgs-msg-paths.cmake
Warning: Source hash: 36d479b012a675a08bfa61be7045fc53
Warning: Dest hash: 1528e55d2c2666301c735dac9536f9f4
Warning: Cannot symlink from /home/yi/project_i2ros/devel/.private/mav_planning_msgs/share/mav_planning_msgs/cmake/mav_planning_msgsConfig.cmake to existing file /home/yi/project_i2ros/devel/share/mav_planning_msgs/cmake/mav_planning_msgsConfig.cmake
Warning: Source hash: 9fd1a0d054faaee33cd8bdb20837793c
Warning: Dest hash: bc5dd148a44a68dcfe7af3c7a7cad2ed
Warning: Cannot symlink from /home/yi/project_i2ros/devel/.private/mav_planning_msgs/share/mav_planning_msgs/cmake/mav_planning_msgs-msg-extras.cmake to existing file /home/yi/project_i2ros/devel/share/mav_planning_msgs/cmake/mav_planning_msgs-msg-extras.cmake
Warning: Source hash: ad89a7bded1b4212481d57da5368892c
Warning: Dest hash: f21905233fa946aa3717ed371c0da6de
Warning: Cannot symlink from /home/yi/project_i2ros/devel/.private/mav_planning_msgs/share/roseus/ros/mav_planning_msgs/srv/PolygonService.l to existing file /home/yi/project_i2ros/devel/share/roseus/ros/mav_planning_msgs/srv/PolygonService.l
Warning: Source hash: 44a6359da54f552197e2cef7be13fa83
Warning: Dest hash: 9af4050717c2f9e6577342ab6a234b06
Warning: Cannot symlink from /home/yi/project_i2ros/devel/.private/mav_planning_msgs/share/roseus/ros/mav_planning_msgs/msg/PolygonWithHoles.l to existing file /home/yi/project_i2ros/devel/share/roseus/ros/mav_planning_msgs/msg/PolygonWithHoles.l
Warning: Source hash: 5126892b45a9cf6cfb733b52ad197561
Warning: Dest hash: d7307a2dc41359c55da0a73414229656
Warning: Cannot symlink from /home/yi/project_i2ros/devel/.private/mav_planning_msgs/share/roseus/ros/mav_planning_msgs/msg/PolygonWithHolesStamped.l to existing file /home/yi/project_i2ros/devel/share/roseus/ros/mav_planning_msgs/msg/PolygonWithHolesStamped.l
Warning: Source hash: c2a0fb2fb34930186082a1a7cfed1088
Warning: Dest hash: 0485db5cd84ed5856b904b86a808077c
Warning: Cannot symlink from /home/yi/project_i2ros/devel/.private/mav_planning_msgs/share/roseus/ros/mav_planning_msgs/msg/Polygon2D.l to existing file /home/yi/project_i2ros/devel/share/roseus/ros/mav_planning_msgs/msg/Polygon2D.l
Warning: Source hash: f9b0647b1adb1ef8369d29b75e30f94a
Warning: Dest hash: 1048e82f05d04f300477f27ff9d07050
Warning: Cannot symlink from /home/yi/project_i2ros/devel/.private/mav_planning_msgs/lib/pkgconfig/mav_planning_msgs.pc to existing file /home/yi/project_i2ros/devel/lib/pkgconfig/mav_planning_msgs.pc
Warning: Source hash: cf6cc232a6ec982a9c05b84d7b7cb29c
Warning: Dest hash: 616b45ef330313703f87fd17db7466f7
Warning: Cannot symlink from /home/yi/project_i2ros/devel/.private/mav_planning_msgs/lib/python3/dist-packages/mav_planning_msgs/srv/_PolygonService.py to existing file /home/yi/project_i2ros/devel/lib/python3/dist-packages/mav_planning_msgs/srv/_PolygonService.py
Warning: Source hash: 8893ff6459077cd6c2aca8985d0c28c5
Warning: Dest hash: 24f4870c88082578424ea3abe04b0749
Warning: Cannot symlink from /home/yi/project_i2ros/devel/.private/mav_planning_msgs/lib/python3/dist-packages/mav_planning_msgs/msg/_Polygon2D.py to existing file /home/yi/project_i2ros/devel/lib/python3/dist-packages/mav_planning_msgs/msg/_Polygon2D.py
Warning: Source hash: 47d163166c98543a110dd29ea0cff9a9
Warning: Dest hash: add6596c87e07a650fdc649bfd98afc0
Warning: Cannot symlink from /home/yi/project_i2ros/devel/.private/mav_planning_msgs/lib/python3/dist-packages/mav_planning_msgs/msg/_PolygonWithHolesStamped.py to existing file /home/yi/project_i2ros/devel/lib/python3/dist-packages/mav_planning_msgs/msg/_PolygonWithHolesStamped.py
Warning: Source hash: 6dafb510afd1a5a6310d0be44230904b
Warning: Dest hash: 85797783eaed1f6be0459b96e259e4f2
Warning: Cannot symlink from /home/yi/project_i2ros/devel/.private/mav_planning_msgs/lib/python3/dist-packages/mav_planning_msgs/msg/_PolygonWithHoles.py to existing file /home/yi/project_i2ros/devel/lib/python3/dist-packages/mav_planning_msgs/msg/_PolygonWithHoles.py
Warning: Source hash: cffca3a9ba7518a1208934d61fea23c1
Warning: Dest hash: c90fecb187b1b6e1f7889a4249e4f987
Warning: Cannot symlink from /home/yi/project_i2ros/devel/.private/mav_planning_msgs/include/mav_planning_msgs/PolygonServiceRequest.h to existing file /home/yi/project_i2ros/devel/include/mav_planning_msgs/PolygonServiceRequest.h
Warning: Source hash: b51b80ed7a1cc82c3578705a6a78a75e
Warning: Dest hash: 31643fa2f35c1f52388d7c6034909258
Warning: Cannot symlink from /home/yi/project_i2ros/devel/.private/mav_planning_msgs/include/mav_planning_msgs/PolygonWithHolesStamped.h to existing file /home/yi/project_i2ros/devel/include/mav_planning_msgs/PolygonWithHolesStamped.h
Warning: Source hash: 04eed9c7fac248a6a6c9eb5aff4e63be
Warning: Dest hash: 7bef270fc766d18e767adf96103001e3
Warning: Cannot symlink from /home/yi/project_i2ros/devel/.private/mav_planning_msgs/include/mav_planning_msgs/Polygon2D.h to existing file /home/yi/project_i2ros/devel/include/mav_planning_msgs/Polygon2D.h
Warning: Source hash: bc5efae2200439b7da84e99d1108d5e6
Warning: Dest hash: 10a342a60181fc37d00a1f5930016a2a
Warning: Cannot symlink from /home/yi/project_i2ros/devel/.private/mav_planning_msgs/include/mav_planning_msgs/PolygonWithHoles.h to existing file /home/yi/project_i2ros/devel/include/mav_planning_msgs/PolygonWithHoles.h
Warning: Source hash: c79631e5bba1a97eb36499221f82cf27
Warning: Dest hash: 44dcda142f7756aea03832ed8a607cf5
