[  0%] Built target trajectory_msgs_generate_messages_lisp
[  0%] Built target trajectory_msgs_generate_messages_cpp
[  0%] Built target trajectory_msgs_generate_messages_nodejs
[  0%] Built target rosgraph_msgs_generate_messages_nodejs
[  0%] Built target mav_msgs_generate_messages_cpp
[  0%] Built target mav_msgs_generate_messages_py
[  0%] Built target actionlib_generate_messages_cpp
[  0%] Built target mav_msgs_generate_messages_nodejs
[  0%] Built target trajectory_msgs_generate_messages_eus
[  0%] Built target roscpp_generate_messages_py
[  0%] Built target actionlib_msgs_generate_messages_py
[  0%] Built target rosgraph_msgs_generate_messages_eus
[  0%] Built target roscpp_generate_messages_eus
[  0%] Built target sensor_msgs_generate_messages_cpp
[  0%] Built target std_msgs_generate_messages_nodejs
[  0%] Built target sensor_msgs_generate_messages_nodejs
[  0%] Built target std_msgs_generate_messages_py
[  0%] Built target tf2_msgs_generate_messages_eus
[  0%] Built target geometry_msgs_generate_messages_py
[  0%] Built target roscpp_generate_messages_cpp
[  0%] Built target sensor_msgs_generate_messages_eus
[  0%] Built target sensor_msgs_generate_messages_lisp
[ 44%] Built target libsocket
[ 44%] Built target sensor_msgs_generate_messages_py
[ 44%] Built target tf2_msgs_generate_messages_py
[ 44%] Built target fla_msgs_generate_messages_py
[ 44%] Built target actionlib_generate_messages_lisp
[ 44%] Built target rosgraph_msgs_generate_messages_py
[ 44%] Built target geometry_msgs_generate_messages_cpp
[ 44%] Built target tf_generate_messages_eus
[ 44%] Built target tf2_msgs_generate_messages_cpp
[ 44%] Built target mav_msgs_generate_messages_lisp
[ 44%] Built target roscpp_generate_messages_lisp
[ 44%] Built target rosgraph_msgs_generate_messages_lisp
[ 44%] Built target std_msgs_generate_messages_cpp
[ 44%] Built target roscpp_generate_messages_nodejs
[ 44%] Built target fla_msgs_generate_messages_nodejs
[ 44%] Built target trajectory_msgs_generate_messages_py
[ 44%] Built target tf_generate_messages_cpp
[ 44%] Built target tf_generate_messages_nodejs
[ 44%] Built target geometry_msgs_generate_messages_lisp
[ 44%] Built target rosgraph_msgs_generate_messages_cpp
[ 44%] Built target tf_generate_messages_lisp
[ 44%] Built target actionlib_generate_messages_eus
[ 44%] Built target std_msgs_generate_messages_lisp
[ 44%] Built target actionlib_msgs_generate_messages_cpp
[ 44%] Built target actionlib_generate_messages_py
[ 44%] Built target actionlib_msgs_generate_messages_lisp
[ 44%] Built target std_msgs_generate_messages_eus
[ 44%] Built target tf2_msgs_generate_messages_lisp
[ 44%] Built target actionlib_generate_messages_nodejs
[ 44%] Built target tf_generate_messages_py
[ 44%] Built target actionlib_msgs_generate_messages_nodejs
[ 44%] Built target fla_msgs_generate_messages_cpp
[ 44%] Built target tf2_msgs_generate_messages_nodejs
[ 44%] Built target geometry_msgs_generate_messages_eus
[ 44%] Built target fla_msgs_generate_messages_eus
[ 44%] Built target actionlib_msgs_generate_messages_eus
[ 44%] Built target fla_msgs_generate_messages_lisp
[35m[1mScanning dependencies of target state_estimate_corruptor_node[0m
[ 55%] Built target tcpstreamreader
[ 55%] Built target geometry_msgs_generate_messages_nodejs
[ 55%] Built target mav_msgs_generate_messages_eus
[ 61%] [32mBuilding CXX object CMakeFiles/state_estimate_corruptor_node.dir/src/state_estimate_corruptor_node.cpp.o[0m
[ 72%] Built target tcpimage
[ 83%] Built target w_to_unity
[ 94%] Built target unity_ros
[100%] [32m[1mLinking CXX executable /home/yi/project_i2ros/devel/.private/simulation/lib/simulation/state_estimate_corruptor_node[0m
[100%] Built target state_estimate_corruptor_node
