Linked: (/home/yi/intro2ros_2024/Project/devel/.private/simulation/share/simulation/cmake/simulationConfig-version.cmake, /home/yi/intro2ros_2024/Project/devel/share/simulation/cmake/simulationConfig-version.cmake)
Linked: (/home/yi/intro2ros_2024/Project/devel/.private/simulation/share/simulation/cmake/simulationConfig.cmake, /home/yi/intro2ros_2024/Project/devel/share/simulation/cmake/simulationConfig.cmake)
Linked: (/home/yi/intro2ros_2024/Project/devel/.private/simulation/lib/libtcpimage.so, /home/yi/intro2ros_2024/Project/devel/lib/libtcpimage.so)
Linked: (/home/yi/intro2ros_2024/Project/devel/.private/simulation/lib/libsocket++.so, /home/yi/intro2ros_2024/Project/devel/lib/libsocket++.so)
Linked: (/home/yi/intro2ros_2024/Project/devel/.private/simulation/lib/libtcpstreamreader.so, /home/yi/intro2ros_2024/Project/devel/lib/libtcpstreamreader.so)
Linked: (/home/yi/intro2ros_2024/Project/devel/.private/simulation/lib/libsocket.so, /home/yi/intro2ros_2024/Project/devel/lib/libsocket.so)
Linked: (/home/yi/intro2ros_2024/Project/devel/.private/simulation/lib/simulation/state_estimate_corruptor_node, /home/yi/intro2ros_2024/Project/devel/lib/simulation/state_estimate_corruptor_node)
Linked: (/home/yi/intro2ros_2024/Project/devel/.private/simulation/lib/simulation/w_to_unity, /home/yi/intro2ros_2024/Project/devel/lib/simulation/w_to_unity)
Linked: (/home/yi/intro2ros_2024/Project/devel/.private/simulation/lib/simulation/unity_ros, /home/yi/intro2ros_2024/Project/devel/lib/simulation/unity_ros)
Linked: (/home/yi/intro2ros_2024/Project/devel/.private/simulation/lib/pkgconfig/simulation.pc, /home/yi/intro2ros_2024/Project/devel/lib/pkgconfig/simulation.pc)
Linked: (/home/yi/intro2ros_2024/Project/devel/.private/simulation/include/libsocket/epoll.hpp, /home/yi/intro2ros_2024/Project/devel/include/libsocket/epoll.hpp)
Linked: (/home/yi/intro2ros_2024/Project/devel/.private/simulation/include/libsocket/libunixsocket.h, /home/yi/intro2ros_2024/Project/devel/include/libsocket/libunixsocket.h)
Linked: (/home/yi/intro2ros_2024/Project/devel/.private/simulation/include/libsocket/unixclientdgram.hpp, /home/yi/intro2ros_2024/Project/devel/include/libsocket/unixclientdgram.hpp)
Linked: (/home/yi/intro2ros_2024/Project/devel/.private/simulation/include/libsocket/unixserverdgram.hpp, /home/yi/intro2ros_2024/Project/devel/include/libsocket/unixserverdgram.hpp)
Linked: (/home/yi/intro2ros_2024/Project/devel/.private/simulation/include/libsocket/libinetsocket.h, /home/yi/intro2ros_2024/Project/devel/include/libsocket/libinetsocket.h)
Linked: (/home/yi/intro2ros_2024/Project/devel/.private/simulation/include/libsocket/inetserverstream.hpp, /home/yi/intro2ros_2024/Project/devel/include/libsocket/inetserverstream.hpp)
Linked: (/home/yi/intro2ros_2024/Project/devel/.private/simulation/include/libsocket/framing.hpp, /home/yi/intro2ros_2024/Project/devel/include/libsocket/framing.hpp)
Linked: (/home/yi/intro2ros_2024/Project/devel/.private/simulation/include/libsocket/inetclientdgram.hpp, /home/yi/intro2ros_2024/Project/devel/include/libsocket/inetclientdgram.hpp)
Linked: (/home/yi/intro2ros_2024/Project/devel/.private/simulation/include/libsocket/inetdgram.hpp, /home/yi/intro2ros_2024/Project/devel/include/libsocket/inetdgram.hpp)
Linked: (/home/yi/intro2ros_2024/Project/devel/.private/simulation/include/libsocket/inetserverdgram.hpp, /home/yi/intro2ros_2024/Project/devel/include/libsocket/inetserverdgram.hpp)
Linked: (/home/yi/intro2ros_2024/Project/devel/.private/simulation/include/libsocket/socket.hpp, /home/yi/intro2ros_2024/Project/devel/include/libsocket/socket.hpp)
Linked: (/home/yi/intro2ros_2024/Project/devel/.private/simulation/include/libsocket/unixserverstream.hpp, /home/yi/intro2ros_2024/Project/devel/include/libsocket/unixserverstream.hpp)
Linked: (/home/yi/intro2ros_2024/Project/devel/.private/simulation/include/libsocket/dgramoverstream.hpp, /home/yi/intro2ros_2024/Project/devel/include/libsocket/dgramoverstream.hpp)
Linked: (/home/yi/intro2ros_2024/Project/devel/.private/simulation/include/libsocket/inetclientstream.hpp, /home/yi/intro2ros_2024/Project/devel/include/libsocket/inetclientstream.hpp)
Linked: (/home/yi/intro2ros_2024/Project/devel/.private/simulation/include/libsocket/unixclientstream.hpp, /home/yi/intro2ros_2024/Project/devel/include/libsocket/unixclientstream.hpp)
Linked: (/home/yi/intro2ros_2024/Project/devel/.private/simulation/include/libsocket/streamclient.hpp, /home/yi/intro2ros_2024/Project/devel/include/libsocket/streamclient.hpp)
Linked: (/home/yi/intro2ros_2024/Project/devel/.private/simulation/include/libsocket/select.hpp, /home/yi/intro2ros_2024/Project/devel/include/libsocket/select.hpp)
Linked: (/home/yi/intro2ros_2024/Project/devel/.private/simulation/include/libsocket/dgramclient.hpp, /home/yi/intro2ros_2024/Project/devel/include/libsocket/dgramclient.hpp)
Linked: (/home/yi/intro2ros_2024/Project/devel/.private/simulation/include/libsocket/unixbase.hpp, /home/yi/intro2ros_2024/Project/devel/include/libsocket/unixbase.hpp)
Linked: (/home/yi/intro2ros_2024/Project/devel/.private/simulation/include/libsocket/unixdgram.hpp, /home/yi/intro2ros_2024/Project/devel/include/libsocket/unixdgram.hpp)
Linked: (/home/yi/intro2ros_2024/Project/devel/.private/simulation/include/libsocket/exception.hpp, /home/yi/intro2ros_2024/Project/devel/include/libsocket/exception.hpp)
Linked: (/home/yi/intro2ros_2024/Project/devel/.private/simulation/include/libsocket/inetbase.hpp, /home/yi/intro2ros_2024/Project/devel/include/libsocket/inetbase.hpp)
