Warning: Cannot symlink from /home/yi/project_i2ros/devel/.private/simulation/share/simulation/cmake/simulationConfig.cmake to existing file /home/yi/project_i2ros/devel/share/simulation/cmake/simulationConfig.cmake
Warning: Source hash: 5fa7d4ce22c05715e01758af47a83049
Warning: Dest hash: 58e4f960f83f111a08163d9d4510eb68
Warning: Cannot symlink from /home/yi/project_i2ros/devel/.private/simulation/lib/libtcpimage.so to existing file /home/yi/project_i2ros/devel/lib/libtcpimage.so
Warning: Source hash: 5152b3663e0b5352424f265828411880
Warning: Dest hash: 81c043b879ea409751d7773f755804c2
Warning: Cannot symlink from /home/yi/project_i2ros/devel/.private/simulation/lib/libsocket++.so to existing file /home/yi/project_i2ros/devel/lib/libsocket++.so
Warning: Source hash: 1ab838b356890ca99c500a5c6abef771
Warning: Dest hash: 69b4cca676f506430141ec6c5b9930a1
Warning: Cannot symlink from /home/yi/project_i2ros/devel/.private/simulation/lib/libtcpstreamreader.so to existing file /home/yi/project_i2ros/devel/lib/libtcpstreamreader.so
Warning: Source hash: c959a2adb435b40fe79be7190bb04653
Warning: Dest hash: 0e47029bd8602dfd7ac63143c4c201d0
Warning: Cannot symlink from /home/yi/project_i2ros/devel/.private/simulation/lib/simulation/state_estimate_corruptor_node to existing file /home/yi/project_i2ros/devel/lib/simulation/state_estimate_corruptor_node
Warning: Source hash: 36aaeb24b9f4f5dca74ee0c932203819
Warning: Dest hash: 847a893eb444f478fdf6ef0619add9f2
Warning: Cannot symlink from /home/yi/project_i2ros/devel/.private/simulation/lib/simulation/w_to_unity to existing file /home/yi/project_i2ros/devel/lib/simulation/w_to_unity
Warning: Source hash: 9d240fc9a89632814227ccfea9e51193
Warning: Dest hash: 80dabebac9121a8fdb66284ae211bec2
Warning: Cannot symlink from /home/yi/project_i2ros/devel/.private/simulation/lib/simulation/unity_ros to existing file /home/yi/project_i2ros/devel/lib/simulation/unity_ros
Warning: Source hash: 49c4c616d6b10fe97646bde8b05fd6e6
Warning: Dest hash: 4d6e124cd906c9e7bb569328f417c24d
Warning: Cannot symlink from /home/yi/project_i2ros/devel/.private/simulation/lib/pkgconfig/simulation.pc to existing file /home/yi/project_i2ros/devel/lib/pkgconfig/simulation.pc
Warning: Source hash: 7cbc7d93faacabf7e1fcdd1eb4c92d5a
Warning: Dest hash: 6224d38fb1fb34202aefa04d0671e33b
