[35m[1mScanning dependencies of target _fla_msgs_generate_messages_check_deps_ProcessStatus[0m
[35m[1mScanning dependencies of target _fla_msgs_generate_messages_check_deps_ControlMessage[0m
[  0%] Built target _fla_msgs_generate_messages_check_deps_ProcessStatus
[35m[1mScanning dependencies of target _fla_msgs_generate_messages_check_deps_Detection[0m
[35m[1mScanning dependencies of target nav_msgs_generate_messages_lisp[0m
[35m[1mScanning dependencies of target _fla_msgs_generate_messages_check_deps_FlightCommand[0m
[  0%] Built target nav_msgs_generate_messages_lisp
[35m[1mScanning dependencies of target _fla_msgs_generate_messages_check_deps_FlightEvent[0m
[35m[1mScanning dependencies of target sensor_msgs_generate_messages_lisp[0m
[35m[1mScanning dependencies of target _fla_msgs_generate_messages_check_deps_NodeList[0m
[  0%] Built target sensor_msgs_generate_messages_lisp
[  0%] Built target _fla_msgs_generate_messages_check_deps_Detection
[  0%] Built target _fla_msgs_generate_messages_check_deps_ControlMessage
[35m[1mScanning dependencies of target _fla_msgs_generate_messages_check_deps_FlightStateTransition[0m
[35m[1mScanning dependencies of target geometry_msgs_generate_messages_lisp[0m
[  0%] Built target _fla_msgs_generate_messages_check_deps_FlightCommand
[35m[1mScanning dependencies of target std_msgs_generate_messages_lisp[0m
[  0%] Built target _fla_msgs_generate_messages_check_deps_FlightEvent
[  0%] Built target geometry_msgs_generate_messages_lisp
[  0%] Built target std_msgs_generate_messages_lisp
[35m[1mScanning dependencies of target _fla_msgs_generate_messages_check_deps_NodeStatus[0m
[35m[1mScanning dependencies of target _fla_msgs_generate_messages_check_deps_Keypoint[0m
[35m[1mScanning dependencies of target _fla_msgs_generate_messages_check_deps_JoyDef[0m
[35m[1mScanning dependencies of target _fla_msgs_generate_messages_check_deps_Box[0m
[35m[1mScanning dependencies of target _fla_msgs_generate_messages_check_deps_ImageDetections[0m
[  0%] Built target _fla_msgs_generate_messages_check_deps_NodeList
[  0%] Built target _fla_msgs_generate_messages_check_deps_Keypoint
[  0%] Built target _fla_msgs_generate_messages_check_deps_Box
[35m[1mScanning dependencies of target _fla_msgs_generate_messages_check_deps_WaypointList[0m
[  0%] Built target _fla_msgs_generate_messages_check_deps_FlightStateTransition
[35m[1mScanning dependencies of target _fla_msgs_generate_messages_check_deps_ImageSegmentation[0m
[  0%] Built target _fla_msgs_generate_messages_check_deps_JoyDef
[  0%] Built target _fla_msgs_generate_messages_check_deps_NodeStatus
[35m[1mScanning dependencies of target _fla_msgs_generate_messages_check_deps_Latency[0m
[35m[1mScanning dependencies of target std_msgs_generate_messages_py[0m
[  0%] Built target _fla_msgs_generate_messages_check_deps_ImageSegmentation
[  0%] Built target _fla_msgs_generate_messages_check_deps_ImageDetections
[35m[1mScanning dependencies of target _fla_msgs_generate_messages_check_deps_TelemString[0m
[35m[1mScanning dependencies of target sensor_msgs_generate_messages_py[0m
[  0%] Built target std_msgs_generate_messages_py
[35m[1mScanning dependencies of target sensor_msgs_generate_messages_nodejs[0m
[35m[1mScanning dependencies of target nav_msgs_generate_messages_nodejs[0m
[35m[1mScanning dependencies of target nav_msgs_generate_messages_py[0m
[  0%] Built target nav_msgs_generate_messages_nodejs
[  0%] Built target sensor_msgs_generate_messages_py
[  0%] Built target _fla_msgs_generate_messages_check_deps_WaypointList
[  0%] Built target sensor_msgs_generate_messages_nodejs
[35m[1mScanning dependencies of target geometry_msgs_generate_messages_nodejs[0m
[  0%] Built target nav_msgs_generate_messages_py
[35m[1mScanning dependencies of target std_msgs_generate_messages_nodejs[0m
[35m[1mScanning dependencies of target sensor_msgs_generate_messages_cpp[0m
[35m[1mScanning dependencies of target geometry_msgs_generate_messages_py[0m
[35m[1mScanning dependencies of target nav_msgs_generate_messages_cpp[0m
[35m[1mScanning dependencies of target geometry_msgs_generate_messages_cpp[0m
[  0%] Built target std_msgs_generate_messages_nodejs
[35m[1mScanning dependencies of target nav_msgs_generate_messages_eus[0m
[35m[1mScanning dependencies of target std_msgs_generate_messages_cpp[0m
[  0%] Built target geometry_msgs_generate_messages_py
[  0%] Built target nav_msgs_generate_messages_cpp
[  0%] Built target geometry_msgs_generate_messages_cpp
[  0%] Built target _fla_msgs_generate_messages_check_deps_Latency
[  0%] Built target geometry_msgs_generate_messages_nodejs
[  0%] Built target nav_msgs_generate_messages_eus
[35m[1mScanning dependencies of target sensor_msgs_generate_messages_eus[0m
[  0%] Built target sensor_msgs_generate_messages_cpp
[  0%] Built target std_msgs_generate_messages_cpp
[35m[1mScanning dependencies of target std_msgs_generate_messages_eus[0m
[  0%] Built target sensor_msgs_generate_messages_eus
[35m[1mScanning dependencies of target geometry_msgs_generate_messages_eus[0m
[  0%] Built target std_msgs_generate_messages_eus
[  0%] Built target _fla_msgs_generate_messages_check_deps_TelemString
[35m[1mScanning dependencies of target fla_msgs_generate_messages_lisp[0m
[35m[1mScanning dependencies of target fla_msgs_generate_messages_py[0m
[  0%] Built target geometry_msgs_generate_messages_eus
[ 19%] Built target fla_msgs_generate_messages_lisp
[35m[1mScanning dependencies of target fla_msgs_generate_messages_nodejs[0m
[35m[1mScanning dependencies of target fla_msgs_generate_messages_cpp[0m
[35m[1mScanning dependencies of target fla_msgs_generate_messages_eus[0m
[ 40%] Built target fla_msgs_generate_messages_py
[ 59%] Built target fla_msgs_generate_messages_nodejs
[ 95%] Built target fla_msgs_generate_messages_eus
[100%] Built target fla_msgs_generate_messages_cpp
[35m[1mScanning dependencies of target fla_msgs_generate_messages[0m
[100%] Built target fla_msgs_generate_messages
