In file included from [01m[K/opt/ros/noetic/include/ros/ros.h:40[m[K,
                 from [01m[K/home/jonas/i2ROS/project/ziou/AutonomousDriving/src/waypoints_publisher/src/waypoints_publisher.cpp:1[m[K:
[01m[K/home/jonas/i2ROS/project/ziou/AutonomousDriving/src/waypoints_publisher/src/waypoints_publisher.cpp:[m[K In member function ‘[01m[Kvoid WaypointsPublisher::loadWaypoints(const string&)[m[K’:
[01m[K/home/jonas/i2ROS/project/ziou/AutonomousDriving/src/waypoints_publisher/src/waypoints_publisher.cpp:86:17:[m[K [01;31m[Kerror: [m[K‘[01m[Kpose[m[K’ was not declared in this scope
   86 |                 [01;31m[Kpose[m[K.pose.position.x, pose.pose.position.y, pose.pose.position.z,
      |                 [01;31m[K^~~~[m[K
[01m[K/opt/ros/noetic/include/ros/console.h:351:165:[m[K [01;36m[Knote: [m[Kin definition of macro ‘[01m[KROSCONSOLE_PRINT_AT_LOCATION_WITH_FILTER[m[K’
  351 |     ::ros::console::print(filter, __rosconsole_define_location__loc.logger_, __rosconsole_define_location__loc.level_, __FILE__, __LINE__, __ROSCONSOLE_FUNCTION__, [01;36m[K__VA_ARGS__[m[K)
      |                                                                                                                                                                     [01;36m[K^~~~~~~~~~~[m[K
[01m[K/opt/ros/noetic/include/ros/console.h:390:7:[m[K [01;36m[Knote: [m[Kin expansion of macro ‘[01m[KROSCONSOLE_PRINT_AT_LOCATION[m[K’
  390 |       [01;36m[KROSCONSOLE_PRINT_AT_LOCATION[m[K(__VA_ARGS__); \
      |       [01;36m[K^~~~~~~~~~~~~~~~~~~~~~~~~~~~[m[K
[01m[K/opt/ros/noetic/include/ros/console.h:575:35:[m[K [01;36m[Knote: [m[Kin expansion of macro ‘[01m[KROS_LOG_COND[m[K’
  575 | #define ROS_LOG(level, name, ...) [01;36m[KROS_LOG_COND[m[K(true, level, name, __VA_ARGS__)
      |                                   [01;36m[K^~~~~~~~~~~~[m[K
[01m[K/opt/ros/noetic/include/rosconsole/macros_generated.h:110:23:[m[K [01;36m[Knote: [m[Kin expansion of macro ‘[01m[KROS_LOG[m[K’
  110 | #define ROS_INFO(...) [01;36m[KROS_LOG[m[K(::ros::console::levels::Info, ROSCONSOLE_DEFAULT_NAME, __VA_ARGS__)
      |                       [01;36m[K^~~~~~~[m[K
[01m[K/home/jonas/i2ROS/project/ziou/AutonomousDriving/src/waypoints_publisher/src/waypoints_publisher.cpp:84:9:[m[K [01;36m[Knote: [m[Kin expansion of macro ‘[01m[KROS_INFO[m[K’
   84 |         [01;36m[KROS_INFO[m[K("Loaded waypoint: frame_id=%s, position=(%f, %f, %f), orientation=(%f, %f, %f, %f)",
      |         [01;36m[K^~~~~~~~[m[K
make[2]: *** [CMakeFiles/waypoints_publisher.dir/build.make:63: CMakeFiles/waypoints_publisher.dir/src/waypoints_publisher.cpp.o] Error 1
make[1]: *** [CMakeFiles/Makefile2:479: CMakeFiles/waypoints_publisher.dir/all] Error 2
make: *** [Makefile:141: all] Error 2
