[35m[1mScanning dependencies of target _nav_msgs_generate_messages_check_deps_GetMapActionResult[0m
[35m[1mScanning dependencies of target _nav_msgs_generate_messages_check_deps_LoadMap[0m
[35m[1mScanning dependencies of target _nav_msgs_generate_messages_check_deps_SetMap[0m
[35m[1mScanning dependencies of target _nav_msgs_generate_messages_check_deps_GetMapGoal[0m
[35m[1mScanning dependencies of target std_msgs_generate_messages_eus[0m
[35m[1mScanning dependencies of target _nav_msgs_generate_messages_check_deps_GetMapFeedback[0m
[  0%] Built target std_msgs_generate_messages_eus
[  0%] Built target _nav_msgs_generate_messages_check_deps_LoadMap
[  0%] Built target _nav_msgs_generate_messages_check_deps_SetMap
[  0%] Built target _nav_msgs_generate_messages_check_deps_GetMapGoal
[35m[1mScanning dependencies of target _nav_msgs_generate_messages_check_deps_GetMapActionFeedback[0m
[35m[1mScanning dependencies of target _nav_msgs_generate_messages_check_deps_GetMapResult[0m
[35m[1mScanning dependencies of target _nav_msgs_generate_messages_check_deps_GetMap[0m
[35m[1mScanning dependencies of target _nav_msgs_generate_messages_check_deps_GetMapActionGoal[0m
[35m[1mScanning dependencies of target _nav_msgs_generate_messages_check_deps_GridCells[0m
[35m[1mScanning dependencies of target actionlib_msgs_generate_messages_eus[0m
[35m[1mScanning dependencies of target _nav_msgs_generate_messages_check_deps_GetPlan[0m
[  0%] Built target _nav_msgs_generate_messages_check_deps_GetMapActionResult
[35m[1mScanning dependencies of target _nav_msgs_generate_messages_check_deps_Path[0m
[35m[1mScanning dependencies of target _nav_msgs_generate_messages_check_deps_GetMapAction[0m
[35m[1mScanning dependencies of target geometry_msgs_generate_messages_eus[0m
[  0%] Built target actionlib_msgs_generate_messages_eus
[35m[1mScanning dependencies of target _nav_msgs_generate_messages_check_deps_MapMetaData[0m
[  0%] Built target geometry_msgs_generate_messages_eus
[35m[1mScanning dependencies of target _nav_msgs_generate_messages_check_deps_OccupancyGrid[0m
[  0%] Built target _nav_msgs_generate_messages_check_deps_GetMapFeedback
[  0%] Built target _nav_msgs_generate_messages_check_deps_GetPlan
[  0%] Built target _nav_msgs_generate_messages_check_deps_GetMapActionFeedback
[  0%] Built target _nav_msgs_generate_messages_check_deps_GridCells
[  0%] Built target _nav_msgs_generate_messages_check_deps_GetMapResult
[  0%] Built target _nav_msgs_generate_messages_check_deps_OccupancyGrid
[  0%] Built target _nav_msgs_generate_messages_check_deps_MapMetaData
[35m[1mScanning dependencies of target actionlib_msgs_generate_messages_lisp[0m
[35m[1mScanning dependencies of target std_msgs_generate_messages_lisp[0m
[35m[1mScanning dependencies of target _nav_msgs_generate_messages_check_deps_Odometry[0m
[  0%] Built target _nav_msgs_generate_messages_check_deps_Path
[  0%] Built target _nav_msgs_generate_messages_check_deps_GetMapActionGoal
[35m[1mScanning dependencies of target geometry_msgs_generate_messages_nodejs[0m
[35m[1mScanning dependencies of target std_msgs_generate_messages_nodejs[0m
[35m[1mScanning dependencies of target geometry_msgs_generate_messages_lisp[0m
[35m[1mScanning dependencies of target actionlib_msgs_generate_messages_nodejs[0m
[35m[1mScanning dependencies of target geometry_msgs_generate_messages_py[0m
[  0%] Built target _nav_msgs_generate_messages_check_deps_GetMap
[  0%] Built target std_msgs_generate_messages_lisp
[  0%] Built target std_msgs_generate_messages_nodejs
[  0%] Built target actionlib_msgs_generate_messages_nodejs
[  0%] Built target actionlib_msgs_generate_messages_lisp
[  0%] Built target geometry_msgs_generate_messages_nodejs
[35m[1mScanning dependencies of target std_msgs_generate_messages_py[0m
[35m[1mScanning dependencies of target actionlib_msgs_generate_messages_py[0m
[35m[1mScanning dependencies of target actionlib_msgs_generate_messages_cpp[0m
[  0%] Built target geometry_msgs_generate_messages_py
[35m[1mScanning dependencies of target std_msgs_generate_messages_cpp[0m
[35m[1mScanning dependencies of target geometry_msgs_generate_messages_cpp[0m
[  0%] Built target actionlib_msgs_generate_messages_py
[  0%] Built target std_msgs_generate_messages_py
[  0%] Built target actionlib_msgs_generate_messages_cpp
[  0%] Built target std_msgs_generate_messages_cpp
[  0%] Built target _nav_msgs_generate_messages_check_deps_GetMapAction
[  0%] Built target geometry_msgs_generate_messages_lisp
[  0%] Built target geometry_msgs_generate_messages_cpp
[  0%] Built target _nav_msgs_generate_messages_check_deps_Odometry
[35m[1mScanning dependencies of target nav_msgs_generate_messages_eus[0m
[35m[1mScanning dependencies of target nav_msgs_generate_messages_lisp[0m
[35m[1mScanning dependencies of target nav_msgs_generate_messages_cpp[0m
[35m[1mScanning dependencies of target nav_msgs_generate_messages_nodejs[0m
[35m[1mScanning dependencies of target nav_msgs_generate_messages_py[0m
[ 46%] Built target nav_msgs_generate_messages_eus
[ 57%] Built target nav_msgs_generate_messages_nodejs
[ 59%] Built target nav_msgs_generate_messages_cpp
[ 92%] Built target nav_msgs_generate_messages_lisp
[100%] Built target nav_msgs_generate_messages_py
[35m[1mScanning dependencies of target nav_msgs_generate_messages[0m
[100%] Built target nav_msgs_generate_messages
