[  0%] Built target std_srvs_generate_messages_eus
[  0%] Built target tf2_msgs_generate_messages_nodejs
[  0%] Built target tf2_msgs_generate_messages_lisp
[  0%] Built target actionlib_msgs_generate_messages_py
[  0%] Built target actionlib_msgs_generate_messages_cpp
[  0%] Built target actionlib_generate_messages_py
[  0%] Built target actionlib_generate_messages_nodejs
[  0%] Built target actionlib_generate_messages_cpp
[  0%] Built target tf_generate_messages_nodejs
[  0%] Built target tf_generate_messages_lisp
[  0%] Built target tf_generate_messages_cpp
[  0%] Built target topic_tools_generate_messages_nodejs
[  0%] Built target topic_tools_generate_messages_lisp
[  0%] Built target topic_tools_generate_messages_eus
[  0%] Built target geometry_msgs_generate_messages_eus
[  0%] Built target sensor_msgs_generate_messages_cpp
[  0%] Built target pcl_msgs_generate_messages_cpp
[  0%] Built target std_msgs_generate_messages_py
[  0%] Built target std_msgs_generate_messages_cpp
[  0%] Built target rosgraph_msgs_generate_messages_nodejs
[  0%] Built target std_msgs_generate_messages_nodejs
[  0%] Built target nodelet_generate_messages_lisp
[  0%] Built target actionlib_generate_messages_lisp
[  0%] Built target roscpp_generate_messages_lisp
[  0%] Built target std_msgs_generate_messages_lisp
[  0%] Built target actionlib_msgs_generate_messages_eus
[  0%] Built target std_srvs_generate_messages_cpp
[  0%] Built target dynamic_reconfigure_generate_messages_py
[  0%] Built target tf_generate_messages_eus
[  0%] Built target rosgraph_msgs_generate_messages_lisp
[  0%] Built target rosgraph_msgs_generate_messages_py
[  0%] Built target topic_tools_generate_messages_py
[  0%] Built target roscpp_generate_messages_cpp
[  0%] Built target roscpp_generate_messages_py
[  0%] Built target sensor_msgs_generate_messages_nodejs
[  0%] Built target tf2_msgs_generate_messages_py
[  0%] Built target dynamic_reconfigure_generate_messages_nodejs
[  0%] Built target bond_generate_messages_cpp
[  0%] Built target bond_generate_messages_eus
[  0%] Built target nodelet_topic_tools_gencfg
[  0%] Built target sensor_msgs_generate_messages_eus
[  0%] Built target sensor_msgs_generate_messages_lisp
[  0%] Built target bond_generate_messages_lisp
[  0%] Built target roscpp_generate_messages_eus
[  0%] Built target geometry_msgs_generate_messages_cpp
[  0%] Built target tf2_msgs_generate_messages_eus
[  0%] Built target sensor_msgs_generate_messages_py
[  0%] Built target geometry_msgs_generate_messages_py
[  0%] Built target geometry_msgs_generate_messages_lisp
[  0%] Built target actionlib_msgs_generate_messages_lisp
[  0%] Built target actionlib_msgs_generate_messages_nodejs
[  0%] Built target tf_generate_messages_py
[  0%] Built target std_msgs_generate_messages_eus
[  0%] Built target roscpp_generate_messages_nodejs
[  0%] Built target actionlib_generate_messages_eus
[  0%] Built target rosgraph_msgs_generate_messages_eus
[  0%] Built target rosgraph_msgs_generate_messages_cpp
[  0%] Built target std_srvs_generate_messages_py
[  0%] Built target geometry_msgs_generate_messages_nodejs
[  0%] Built target pcl_ros_gencfg
[  0%] Built target dynamic_reconfigure_generate_messages_eus
[  0%] Built target dynamic_reconfigure_generate_messages_cpp
[  0%] Built target dynamic_reconfigure_gencfg
[  0%] Built target dynamic_reconfigure_generate_messages_lisp
[  0%] Built target nodelet_generate_messages_cpp
[  0%] Built target std_srvs_generate_messages_lisp
[  0%] Built target tf2_msgs_generate_messages_cpp
[  0%] Built target nodelet_generate_messages_nodejs
[  0%] Built target nodelet_generate_messages_eus
[  0%] Built target bond_generate_messages_nodejs
[  0%] Built target std_srvs_generate_messages_nodejs
[  0%] Built target nodelet_generate_messages_py
[  0%] Built target bond_generate_messages_py
[  0%] Built target pcl_msgs_generate_messages_eus
[  0%] Built target pcl_msgs_generate_messages_nodejs
[  0%] Built target topic_tools_generate_messages_cpp
[  0%] Built target pcl_msgs_generate_messages_py
[  0%] Built target pcl_msgs_generate_messages_lisp
[35m[1mScanning dependencies of target generatePointCloud_node[0m
[ 50%] [32mBuilding CXX object CMakeFiles/generatePointCloud_node.dir/src/generatePointCloud.cpp.o[0m
[01m[K/home/jonas/i2ROS/project/ziou/AutonomousDriving/src/map/src/generatePointCloud.cpp:[m[K In constructor ‘[01m[KDepthToPointCloud::DepthToPointCloud()[m[K’:
[01m[K/home/jonas/i2ROS/project/ziou/AutonomousDriving/src/map/src/generatePointCloud.cpp:27:9:[m[K [01;31m[Kerror: [m[K‘[01m[Kcloud2_pub_[m[K’ was not declared in this scope; did you mean ‘[01m[Kcloud_pub_[m[K’?
   27 |         [01;31m[Kcloud2_pub_[m[K = nh_.advertise<sensor_msgs::PointCloud2>("pointcloud2", 1);
      |         [01;31m[K^~~~~~~~~~~[m[K
      |         [32m[Kcloud_pub_[m[K
[01m[K/home/jonas/i2ROS/project/ziou/AutonomousDriving/src/map/src/generatePointCloud.cpp:[m[K In member function ‘[01m[Kvoid DepthToPointCloud::generatePointCloud()[m[K’:
[01m[K/home/jonas/i2ROS/project/ziou/AutonomousDriving/src/map/src/generatePointCloud.cpp:110:22:[m[K [01;31m[Kerror: [m[K‘[01m[KconvertPointCloudToPointCloud2[m[K’ is not a member of ‘[01m[Ksensor_msgs[m[K’
  110 |         sensor_msgs::[01;31m[KconvertPointCloudToPointCloud2[m[K(cloud, cloud2);
      |                      [01;31m[K^~~~~~~~~~~~~~~~~~~~~~~~~~~~~~[m[K
[01m[K/home/jonas/i2ROS/project/ziou/AutonomousDriving/src/map/src/generatePointCloud.cpp:114:9:[m[K [01;31m[Kerror: [m[K‘[01m[Kcloud2_pub_[m[K’ was not declared in this scope; did you mean ‘[01m[Kcloud_pub_[m[K’?
  114 |         [01;31m[Kcloud2_pub_[m[K.publish(cloud2);
      |         [01;31m[K^~~~~~~~~~~[m[K
      |         [32m[Kcloud_pub_[m[K
make[2]: *** [CMakeFiles/generatePointCloud_node.dir/build.make:63: CMakeFiles/generatePointCloud_node.dir/src/generatePointCloud.cpp.o] Error 1
make[1]: *** [CMakeFiles/Makefile2:1240: CMakeFiles/generatePointCloud_node.dir/all] Error 2
make: *** [Makefile:141: all] Error 2
