Symlinking /home/yi/project_i2ros/devel/share/gennodejs/ros/mav_system_msgs/_index.js
Symlinking /home/yi/project_i2ros/devel/share/gennodejs/ros/mav_system_msgs/msg/ProcessInfo.js
Symlinking /home/yi/project_i2ros/devel/share/gennodejs/ros/mav_system_msgs/msg/_index.js
Symlinking /home/yi/project_i2ros/devel/share/gennodejs/ros/mav_system_msgs/msg/CpuInfo.js
Symlinking /home/yi/project_i2ros/devel/share/common-lisp/ros/mav_system_msgs/msg/mav_system_msgs-msg.asd
Symlinking /home/yi/project_i2ros/devel/share/common-lisp/ros/mav_system_msgs/msg/CpuInfo.lisp
Symlinking /home/yi/project_i2ros/devel/share/common-lisp/ros/mav_system_msgs/msg/ProcessInfo.lisp
Symlinking /home/yi/project_i2ros/devel/share/common-lisp/ros/mav_system_msgs/msg/_package_CpuInfo.lisp
Symlinking /home/yi/project_i2ros/devel/share/common-lisp/ros/mav_system_msgs/msg/_package_ProcessInfo.lisp
Symlinking /home/yi/project_i2ros/devel/share/common-lisp/ros/mav_system_msgs/msg/_package.lisp
Symlinking /home/yi/project_i2ros/devel/share/mav_system_msgs/cmake/mav_system_msgsConfig-version.cmake
Symlinking /home/yi/project_i2ros/devel/share/mav_system_msgs/cmake/mav_system_msgsConfig.cmake
Symlinking /home/yi/project_i2ros/devel/share/mav_system_msgs/cmake/mav_system_msgs-msg-paths.cmake
Symlinking /home/yi/project_i2ros/devel/share/mav_system_msgs/cmake/mav_system_msgs-msg-extras.cmake
Symlinking /home/yi/project_i2ros/devel/share/roseus/ros/mav_system_msgs/manifest.l
Symlinking /home/yi/project_i2ros/devel/share/roseus/ros/mav_system_msgs/msg/CpuInfo.l
Symlinking /home/yi/project_i2ros/devel/share/roseus/ros/mav_system_msgs/msg/ProcessInfo.l
Symlinking /home/yi/project_i2ros/devel/lib/pkgconfig/mav_system_msgs.pc
Symlinking /home/yi/project_i2ros/devel/lib/python3/dist-packages/mav_system_msgs/__init__.py
Symlinking /home/yi/project_i2ros/devel/lib/python3/dist-packages/mav_system_msgs/msg/__init__.py
Symlinking /home/yi/project_i2ros/devel/lib/python3/dist-packages/mav_system_msgs/msg/_CpuInfo.py
Symlinking /home/yi/project_i2ros/devel/lib/python3/dist-packages/mav_system_msgs/msg/_ProcessInfo.py
Symlinking /home/yi/project_i2ros/devel/include/mav_system_msgs/ProcessInfo.h
Symlinking /home/yi/project_i2ros/devel/include/mav_system_msgs/CpuInfo.h
